build/intermediates/manifest_merge_blame_file/debug/manifest-merger-blame-debug-report.txt
1<?xml version="1.0" encoding="utf-8"?>
2<manifest xmlns:android="http://schemas.android.com/apk/res/android"
3    package="com.atecresa.Mygest2"
4    android:installLocation="auto"
5    android:versionCode="34"
6    android:versionName="2.1" >
7
8    <uses-sdk
9        android:minSdkVersion="19"
9-->AndroidStudioProjects\MyGest 2\AndroidManifest.xml
10        android:targetSdkVersion="34" />
10-->AndroidStudioProjects\MyGest 2\AndroidManifest.xml
11
12    <uses-permission android:name="android.permission.INTERNET" />
12-->AndroidStudioProjects\MyGest 2\AndroidManifest.xml:7:5-67
12-->AndroidStudioProjects\MyGest 2\AndroidManifest.xml:7:22-64
13    <uses-permission android:name="android.permission.ACCESS_NETWORK_STATE" />
13-->AndroidStudioProjects\MyGest 2\AndroidManifest.xml:8:5-79
13-->AndroidStudioProjects\MyGest 2\AndroidManifest.xml:8:22-76
14    <uses-permission android:name="android.permission.ACCESS_WIFI_STATE" />
14-->AndroidStudioProjects\MyGest 2\AndroidManifest.xml:9:5-76
14-->AndroidStudioProjects\MyGest 2\AndroidManifest.xml:9:22-73
15    <uses-permission android:name="android.permission.VIBRATE" />
15-->AndroidStudioProjects\MyGest 2\AndroidManifest.xml:10:5-66
15-->AndroidStudioProjects\MyGest 2\AndroidManifest.xml:10:22-63
16    <uses-permission android:name="android.permission.READ_PHONE_STATE" />
16-->AndroidStudioProjects\MyGest 2\AndroidManifest.xml:11:5-75
16-->AndroidStudioProjects\MyGest 2\AndroidManifest.xml:11:22-72
17    <uses-permission android:name="android.permission.WRITE_EXTERNAL_STORAGE" />
17-->AndroidStudioProjects\MyGest 2\AndroidManifest.xml:12:5-81
17-->AndroidStudioProjects\MyGest 2\AndroidManifest.xml:12:22-78
18    <uses-permission android:name="android.permission.READ_EXTERNAL_STORAGE" />
18-->AndroidStudioProjects\MyGest 2\AndroidManifest.xml:13:5-80
18-->AndroidStudioProjects\MyGest 2\AndroidManifest.xml:13:22-77
19    <uses-permission android:name="android.permission.BLUETOOTH" />
19-->AndroidStudioProjects\MyGest 2\AndroidManifest.xml:14:5-68
19-->AndroidStudioProjects\MyGest 2\AndroidManifest.xml:14:22-65
20    <uses-permission android:name="android.permission.BLUETOOTH_ADMIN" />
20-->AndroidStudioProjects\MyGest 2\AndroidManifest.xml:15:5-74
20-->AndroidStudioProjects\MyGest 2\AndroidManifest.xml:15:22-71
21    <uses-permission android:name="android.permission.NFC" />
21-->AndroidStudioProjects\MyGest 2\AndroidManifest.xml:16:5-62
21-->AndroidStudioProjects\MyGest 2\AndroidManifest.xml:16:22-59
22
23    <queries>
23-->[androidx.media:media:1.4.1] AndroidManifest.xml:24:5-28:15
24        <intent>
24-->[androidx.media:media:1.4.1] AndroidManifest.xml:25:9-27:18
25            <action android:name="android.media.browse.MediaBrowserService" />
25-->[androidx.media:media:1.4.1] AndroidManifest.xml:26:13-79
25-->[androidx.media:media:1.4.1] AndroidManifest.xml:26:21-76
26        </intent>
27    </queries>
28
29    <permission
29-->[androidx.core:core:1.10.1] AndroidManifest.xml:22:5-24:47
30        android:name="com.atecresa.Mygest2.DYNAMIC_RECEIVER_NOT_EXPORTED_PERMISSION"
30-->[androidx.core:core:1.10.1] AndroidManifest.xml:23:9-81
31        android:protectionLevel="signature" />
31-->[androidx.core:core:1.10.1] AndroidManifest.xml:24:9-44
32
33    <uses-permission android:name="com.atecresa.Mygest2.DYNAMIC_RECEIVER_NOT_EXPORTED_PERMISSION" />
33-->[androidx.core:core:1.10.1] AndroidManifest.xml:26:5-97
33-->[androidx.core:core:1.10.1] AndroidManifest.xml:26:22-94
34    <uses-permission android:name="android.permission.CAMERA" /> <!-- Don't require camera, as this requires a rear camera. This allows it to work on the Nexus 7 -->
34-->[com.journeyapps:zxing-android-embedded:4.3.0] AndroidManifest.xml:22:5-65
34-->[com.journeyapps:zxing-android-embedded:4.3.0] AndroidManifest.xml:22:22-62
35    <uses-feature
35-->[com.journeyapps:zxing-android-embedded:4.3.0] AndroidManifest.xml:25:5-27:36
36        android:name="android.hardware.camera"
36-->[com.journeyapps:zxing-android-embedded:4.3.0] AndroidManifest.xml:26:9-47
37        android:required="false" />
37-->[com.journeyapps:zxing-android-embedded:4.3.0] AndroidManifest.xml:27:9-33
38    <uses-feature
38-->[com.journeyapps:zxing-android-embedded:4.3.0] AndroidManifest.xml:28:5-30:36
39        android:name="android.hardware.camera.front"
39-->[com.journeyapps:zxing-android-embedded:4.3.0] AndroidManifest.xml:29:9-53
40        android:required="false" /> <!-- TODO replace above two with next line after Android 4.2 -->
40-->[com.journeyapps:zxing-android-embedded:4.3.0] AndroidManifest.xml:30:9-33
41    <!-- <uses-feature android:name="android.hardware.camera.any"/> -->
42    <uses-feature
42-->[com.journeyapps:zxing-android-embedded:4.3.0] AndroidManifest.xml:33:5-35:36
43        android:name="android.hardware.camera.autofocus"
43-->[com.journeyapps:zxing-android-embedded:4.3.0] AndroidManifest.xml:34:9-57
44        android:required="false" />
44-->[com.journeyapps:zxing-android-embedded:4.3.0] AndroidManifest.xml:35:9-33
45    <uses-feature
45-->[com.journeyapps:zxing-android-embedded:4.3.0] AndroidManifest.xml:36:5-38:36
46        android:name="android.hardware.camera.flash"
46-->[com.journeyapps:zxing-android-embedded:4.3.0] AndroidManifest.xml:37:9-53
47        android:required="false" />
47-->[com.journeyapps:zxing-android-embedded:4.3.0] AndroidManifest.xml:38:9-33
48    <uses-feature
48-->[com.journeyapps:zxing-android-embedded:4.3.0] AndroidManifest.xml:39:5-41:36
49        android:name="android.hardware.screen.landscape"
49-->[com.journeyapps:zxing-android-embedded:4.3.0] AndroidManifest.xml:40:9-57
50        android:required="false" />
50-->[com.journeyapps:zxing-android-embedded:4.3.0] AndroidManifest.xml:41:9-33
51    <uses-feature
51-->[com.journeyapps:zxing-android-embedded:4.3.0] AndroidManifest.xml:42:5-44:36
52        android:name="android.hardware.wifi"
52-->[com.journeyapps:zxing-android-embedded:4.3.0] AndroidManifest.xml:43:9-45
53        android:required="false" /> <!-- Permission will be merged into the manifest of the hosting app. -->
53-->[com.journeyapps:zxing-android-embedded:4.3.0] AndroidManifest.xml:44:9-33
54    <!-- Is required to launch foreground extraction service for targetSdkVersion 28+. -->
55    <uses-permission android:name="android.permission.FOREGROUND_SERVICE" />
55-->[com.google.android.play:core:1.10.3] AndroidManifest.xml:13:5-77
55-->[com.google.android.play:core:1.10.3] AndroidManifest.xml:13:22-74
56
57    <application
57-->AndroidStudioProjects\MyGest 2\AndroidManifest.xml:18:5-194:19
58        android:name="com.atecresa.application.Inicio"
58-->AndroidStudioProjects\MyGest 2\AndroidManifest.xml:19:9-55
59        android:allowBackup="true"
59-->AndroidStudioProjects\MyGest 2\AndroidManifest.xml:20:9-35
60        android:appComponentFactory="androidx.core.app.CoreComponentFactory"
60-->[androidx.core:core:1.10.1] AndroidManifest.xml:28:18-86
61        android:debuggable="true"
62        android:icon="@drawable/ic_launcher_2019"
62-->AndroidStudioProjects\MyGest 2\AndroidManifest.xml:21:9-50
63        android:label="@string/app_name"
63-->AndroidStudioProjects\MyGest 2\AndroidManifest.xml:22:9-41
64        android:testOnly="true"
65        android:theme="@style/MygestAppTheme"
65-->AndroidStudioProjects\MyGest 2\AndroidManifest.xml:23:9-46
66        android:usesCleartextTraffic="true" >
66-->AndroidStudioProjects\MyGest 2\AndroidManifest.xml:24:9-44
67        <activity android:name="com.atecresa.manualpdf.ManualPDFActivity" />
67-->AndroidStudioProjects\MyGest 2\AndroidManifest.xml:27:9-77
67-->AndroidStudioProjects\MyGest 2\AndroidManifest.xml:27:19-74
68        <activity
68-->AndroidStudioProjects\MyGest 2\AndroidManifest.xml:28:9-40:20
69            android:name="com.atecresa.activities.LoginV2"
69-->AndroidStudioProjects\MyGest 2\AndroidManifest.xml:29:13-59
70            android:exported="true"
70-->AndroidStudioProjects\MyGest 2\AndroidManifest.xml:32:13-36
71            android:label="@string/app_name"
71-->AndroidStudioProjects\MyGest 2\AndroidManifest.xml:30:13-45
72            android:theme="@style/MygestAppTheme" >
72-->AndroidStudioProjects\MyGest 2\AndroidManifest.xml:31:13-50
73            <intent-filter>
73-->AndroidStudioProjects\MyGest 2\AndroidManifest.xml:33:13-39:29
74                <action android:name="android.intent.action.MAIN" />
74-->AndroidStudioProjects\MyGest 2\AndroidManifest.xml:34:17-69
74-->AndroidStudioProjects\MyGest 2\AndroidManifest.xml:34:25-66
75
76                <category android:name="android.intent.category.LAUNCHER" />
76-->AndroidStudioProjects\MyGest 2\AndroidManifest.xml:36:17-77
76-->AndroidStudioProjects\MyGest 2\AndroidManifest.xml:36:27-74
77                <!-- TODO Esta será la nueva activity de lanzamiento -->
78
79            </intent-filter>
80        </activity>
81        <activity
81-->AndroidStudioProjects\MyGest 2\AndroidManifest.xml:41:9-44:65
82            android:name="com.atecresa.clientes.ClientesActivity"
82-->AndroidStudioProjects\MyGest 2\AndroidManifest.xml:42:13-66
83            android:label="@string/title_activity_clientes"
83-->AndroidStudioProjects\MyGest 2\AndroidManifest.xml:43:13-60
84            android:theme="@style/MygestAppTheme.NoActionBar" />
84-->AndroidStudioProjects\MyGest 2\AndroidManifest.xml:44:13-62
85        <activity
85-->AndroidStudioProjects\MyGest 2\AndroidManifest.xml:45:9-53:20
86            android:name="com.atecresa.preferencias.PreferenciasActivity"
86-->AndroidStudioProjects\MyGest 2\AndroidManifest.xml:46:13-74
87            android:exported="false"
87-->AndroidStudioProjects\MyGest 2\AndroidManifest.xml:47:13-37
88            android:label="@string/app_name"
88-->AndroidStudioProjects\MyGest 2\AndroidManifest.xml:48:13-45
89            android:theme="@style/MygestAppTheme" > <!-- @android:style/Theme.Holo -->
89-->AndroidStudioProjects\MyGest 2\AndroidManifest.xml:49:13-50
90            <intent-filter>
90-->AndroidStudioProjects\MyGest 2\AndroidManifest.xml:50:13-52:29
91                <action android:name="android.intent.action.MAIN" />
91-->AndroidStudioProjects\MyGest 2\AndroidManifest.xml:34:17-69
91-->AndroidStudioProjects\MyGest 2\AndroidManifest.xml:34:25-66
92            </intent-filter>
93        </activity>
94        <activity
94-->AndroidStudioProjects\MyGest 2\AndroidManifest.xml:54:9-62:20
95            android:name="com.atecresa.activities.SelectorMesa"
95-->AndroidStudioProjects\MyGest 2\AndroidManifest.xml:55:13-64
96            android:exported="false"
96-->AndroidStudioProjects\MyGest 2\AndroidManifest.xml:56:13-37
97            android:label="@string/app_name"
97-->AndroidStudioProjects\MyGest 2\AndroidManifest.xml:57:13-45
98            android:theme="@style/MygestAppTheme" >
98-->AndroidStudioProjects\MyGest 2\AndroidManifest.xml:58:13-50
99            <intent-filter>
99-->AndroidStudioProjects\MyGest 2\AndroidManifest.xml:50:13-52:29
100                <action android:name="android.intent.action.MAIN" />
100-->AndroidStudioProjects\MyGest 2\AndroidManifest.xml:34:17-69
100-->AndroidStudioProjects\MyGest 2\AndroidManifest.xml:34:25-66
101            </intent-filter>
102        </activity>
103        <activity
103-->AndroidStudioProjects\MyGest 2\AndroidManifest.xml:63:9-71:20
104            android:name="com.atecresa.activities.ComandaActivityV3"
104-->AndroidStudioProjects\MyGest 2\AndroidManifest.xml:64:13-69
105            android:exported="false"
105-->AndroidStudioProjects\MyGest 2\AndroidManifest.xml:65:13-37
106            android:label="@string/app_name"
106-->AndroidStudioProjects\MyGest 2\AndroidManifest.xml:66:13-45
107            android:theme="@style/MygestAppThemeComanda" >
107-->AndroidStudioProjects\MyGest 2\AndroidManifest.xml:67:13-57
108            <intent-filter>
108-->AndroidStudioProjects\MyGest 2\AndroidManifest.xml:50:13-52:29
109                <action android:name="android.intent.action.MAIN" />
109-->AndroidStudioProjects\MyGest 2\AndroidManifest.xml:34:17-69
109-->AndroidStudioProjects\MyGest 2\AndroidManifest.xml:34:25-66
110            </intent-filter>
111        </activity> <!-- NUEVA ACTIVITY DE COMANDA -->
112        <activity
112-->AndroidStudioProjects\MyGest 2\AndroidManifest.xml:72:9-80:20
113            android:name="com.atecresa.activities.SelectorMesasLibres"
113-->AndroidStudioProjects\MyGest 2\AndroidManifest.xml:73:13-71
114            android:exported="false"
114-->AndroidStudioProjects\MyGest 2\AndroidManifest.xml:74:13-37
115            android:label="@string/app_name"
115-->AndroidStudioProjects\MyGest 2\AndroidManifest.xml:75:13-45
116            android:theme="@style/MygestAppTheme" >
116-->AndroidStudioProjects\MyGest 2\AndroidManifest.xml:76:13-50
117            <intent-filter>
117-->AndroidStudioProjects\MyGest 2\AndroidManifest.xml:50:13-52:29
118                <action android:name="android.intent.action.MAIN" />
118-->AndroidStudioProjects\MyGest 2\AndroidManifest.xml:34:17-69
118-->AndroidStudioProjects\MyGest 2\AndroidManifest.xml:34:25-66
119            </intent-filter>
120        </activity>
121        <activity
121-->AndroidStudioProjects\MyGest 2\AndroidManifest.xml:81:9-89:20
122            android:name="com.atecresa.activities.Buscador"
122-->AndroidStudioProjects\MyGest 2\AndroidManifest.xml:82:13-60
123            android:exported="false"
123-->AndroidStudioProjects\MyGest 2\AndroidManifest.xml:83:13-37
124            android:label="@string/app_name"
124-->AndroidStudioProjects\MyGest 2\AndroidManifest.xml:84:13-45
125            android:theme="@style/MygestAppTheme" >
125-->AndroidStudioProjects\MyGest 2\AndroidManifest.xml:85:13-50
126            <intent-filter>
126-->AndroidStudioProjects\MyGest 2\AndroidManifest.xml:50:13-52:29
127                <action android:name="android.intent.action.MAIN" />
127-->AndroidStudioProjects\MyGest 2\AndroidManifest.xml:34:17-69
127-->AndroidStudioProjects\MyGest 2\AndroidManifest.xml:34:25-66
128            </intent-filter>
129        </activity>
130        <activity
130-->AndroidStudioProjects\MyGest 2\AndroidManifest.xml:90:9-99:20
131            android:name="com.atecresa.activities.BuscadorClientes"
131-->AndroidStudioProjects\MyGest 2\AndroidManifest.xml:91:13-68
132            android:exported="false"
132-->AndroidStudioProjects\MyGest 2\AndroidManifest.xml:92:13-37
133            android:label="@string/app_name"
133-->AndroidStudioProjects\MyGest 2\AndroidManifest.xml:93:13-45
134            android:theme="@style/MygestAppTheme" >
134-->AndroidStudioProjects\MyGest 2\AndroidManifest.xml:94:13-50
135            <intent-filter>
135-->AndroidStudioProjects\MyGest 2\AndroidManifest.xml:50:13-52:29
136                <action android:name="android.intent.action.MAIN" />
136-->AndroidStudioProjects\MyGest 2\AndroidManifest.xml:34:17-69
136-->AndroidStudioProjects\MyGest 2\AndroidManifest.xml:34:25-66
137            </intent-filter>
138        </activity>
139        <activity
139-->AndroidStudioProjects\MyGest 2\AndroidManifest.xml:100:9-108:20
140            android:name="com.atecresa.activities.SelectorPedidos"
140-->AndroidStudioProjects\MyGest 2\AndroidManifest.xml:101:13-67
141            android:exported="false"
141-->AndroidStudioProjects\MyGest 2\AndroidManifest.xml:102:13-37
142            android:label="@string/app_name"
142-->AndroidStudioProjects\MyGest 2\AndroidManifest.xml:103:13-45
143            android:theme="@style/MygestAppTheme" >
143-->AndroidStudioProjects\MyGest 2\AndroidManifest.xml:104:13-50
144            <intent-filter>
144-->AndroidStudioProjects\MyGest 2\AndroidManifest.xml:50:13-52:29
145                <action android:name="android.intent.action.MAIN" />
145-->AndroidStudioProjects\MyGest 2\AndroidManifest.xml:34:17-69
145-->AndroidStudioProjects\MyGest 2\AndroidManifest.xml:34:25-66
146            </intent-filter>
147        </activity>
148        <activity
148-->AndroidStudioProjects\MyGest 2\AndroidManifest.xml:109:9-117:20
149            android:name="com.atecresa.activities.Pedido"
149-->AndroidStudioProjects\MyGest 2\AndroidManifest.xml:110:13-58
150            android:exported="false"
150-->AndroidStudioProjects\MyGest 2\AndroidManifest.xml:111:13-37
151            android:label="@string/app_name"
151-->AndroidStudioProjects\MyGest 2\AndroidManifest.xml:112:13-45
152            android:theme="@style/MygestAppTheme" >
152-->AndroidStudioProjects\MyGest 2\AndroidManifest.xml:113:13-50
153            <intent-filter>
153-->AndroidStudioProjects\MyGest 2\AndroidManifest.xml:50:13-52:29
154                <action android:name="android.intent.action.MAIN" />
154-->AndroidStudioProjects\MyGest 2\AndroidManifest.xml:34:17-69
154-->AndroidStudioProjects\MyGest 2\AndroidManifest.xml:34:25-66
155            </intent-filter>
156        </activity>
157        <activity
157-->AndroidStudioProjects\MyGest 2\AndroidManifest.xml:118:9-126:20
158            android:name="com.atecresa.activities.Vinculos"
158-->AndroidStudioProjects\MyGest 2\AndroidManifest.xml:119:13-60
159            android:exported="false"
159-->AndroidStudioProjects\MyGest 2\AndroidManifest.xml:120:13-37
160            android:label="@string/app_name"
160-->AndroidStudioProjects\MyGest 2\AndroidManifest.xml:121:13-45
161            android:theme="@style/MygestAppTheme" >
161-->AndroidStudioProjects\MyGest 2\AndroidManifest.xml:122:13-50
162            <intent-filter>
162-->AndroidStudioProjects\MyGest 2\AndroidManifest.xml:50:13-52:29
163                <action android:name="android.intent.action.MAIN" />
163-->AndroidStudioProjects\MyGest 2\AndroidManifest.xml:34:17-69
163-->AndroidStudioProjects\MyGest 2\AndroidManifest.xml:34:25-66
164            </intent-filter>
165        </activity>
166        <activity
166-->AndroidStudioProjects\MyGest 2\AndroidManifest.xml:127:9-135:20
167            android:name="com.atecresa.cocina.Cocina_Activity_v2"
167-->AndroidStudioProjects\MyGest 2\AndroidManifest.xml:128:13-66
168            android:exported="false"
168-->AndroidStudioProjects\MyGest 2\AndroidManifest.xml:129:13-37
169            android:label="@string/app_name"
169-->AndroidStudioProjects\MyGest 2\AndroidManifest.xml:130:13-45
170            android:theme="@style/MygestAppTheme.NoActionBar" >
170-->AndroidStudioProjects\MyGest 2\AndroidManifest.xml:131:13-62
171            <intent-filter>
171-->AndroidStudioProjects\MyGest 2\AndroidManifest.xml:50:13-52:29
172                <action android:name="android.intent.action.MAIN" />
172-->AndroidStudioProjects\MyGest 2\AndroidManifest.xml:34:17-69
172-->AndroidStudioProjects\MyGest 2\AndroidManifest.xml:34:25-66
173            </intent-filter>
174        </activity>
175        <activity
175-->AndroidStudioProjects\MyGest 2\AndroidManifest.xml:136:9-144:20
176            android:name="com.atecresa.cocina.Cocina_Activity"
176-->AndroidStudioProjects\MyGest 2\AndroidManifest.xml:137:13-63
177            android:exported="false"
177-->AndroidStudioProjects\MyGest 2\AndroidManifest.xml:138:13-37
178            android:label="@string/app_name"
178-->AndroidStudioProjects\MyGest 2\AndroidManifest.xml:139:13-45
179            android:theme="@style/MygestAppTheme" >
179-->AndroidStudioProjects\MyGest 2\AndroidManifest.xml:140:13-50
180            <intent-filter>
180-->AndroidStudioProjects\MyGest 2\AndroidManifest.xml:50:13-52:29
181                <action android:name="android.intent.action.MAIN" />
181-->AndroidStudioProjects\MyGest 2\AndroidManifest.xml:34:17-69
181-->AndroidStudioProjects\MyGest 2\AndroidManifest.xml:34:25-66
182            </intent-filter>
183        </activity>
184        <activity android:name="com.atecresa.activities.PrintDoc" />
184-->AndroidStudioProjects\MyGest 2\AndroidManifest.xml:145:9-69
184-->AndroidStudioProjects\MyGest 2\AndroidManifest.xml:145:19-66
185        <activity
185-->AndroidStudioProjects\MyGest 2\AndroidManifest.xml:146:9-149:53
186            android:name="com.atecresa.gestionCobros.tpv.ActivityCobrosTPV"
186-->AndroidStudioProjects\MyGest 2\AndroidManifest.xml:147:13-76
187            android:label="@string/title_activity_cobro"
187-->AndroidStudioProjects\MyGest 2\AndroidManifest.xml:148:13-57
188            android:theme="@style/MygestAppTheme" />
188-->AndroidStudioProjects\MyGest 2\AndroidManifest.xml:149:13-50
189        <activity
189-->AndroidStudioProjects\MyGest 2\AndroidManifest.xml:150:9-169:20
190            android:name="com.atecresa.gestionCobros.canarypay.CanarypayActivity"
190-->AndroidStudioProjects\MyGest 2\AndroidManifest.xml:151:13-82
191            android:exported="true"
191-->AndroidStudioProjects\MyGest 2\AndroidManifest.xml:154:13-36
192            android:launchMode="singleTop"
192-->AndroidStudioProjects\MyGest 2\AndroidManifest.xml:152:13-43
193            android:theme="@style/MygestAppTheme" >
193-->AndroidStudioProjects\MyGest 2\AndroidManifest.xml:153:13-50
194            <intent-filter>
194-->AndroidStudioProjects\MyGest 2\AndroidManifest.xml:155:13-159:29
195                <action android:name="android.nfc.action.NDEF_DISCOVERED" />
195-->AndroidStudioProjects\MyGest 2\AndroidManifest.xml:156:17-77
195-->AndroidStudioProjects\MyGest 2\AndroidManifest.xml:156:25-74
196
197                <data android:mimeType="text/plain" />
197-->AndroidStudioProjects\MyGest 2\AndroidManifest.xml:158:17-55
197-->AndroidStudioProjects\MyGest 2\AndroidManifest.xml:158:23-52
198            </intent-filter>
199            <intent-filter>
199-->AndroidStudioProjects\MyGest 2\AndroidManifest.xml:160:13-164:29
200                <action android:name="android.nfc.action.TAG_DISCOVERED" />
200-->AndroidStudioProjects\MyGest 2\AndroidManifest.xml:161:17-76
200-->AndroidStudioProjects\MyGest 2\AndroidManifest.xml:161:25-73
201
202                <category android:name="android.intent.category.DEFAULT" />
202-->AndroidStudioProjects\MyGest 2\AndroidManifest.xml:163:17-76
202-->AndroidStudioProjects\MyGest 2\AndroidManifest.xml:163:27-73
203            </intent-filter>
204
205            <meta-data
205-->AndroidStudioProjects\MyGest 2\AndroidManifest.xml:166:13-168:59
206                android:name="android.nfc.action.TECH_DISCOVERED"
206-->AndroidStudioProjects\MyGest 2\AndroidManifest.xml:167:17-66
207                android:resource="@xml/nfc_tech_filter" />
207-->AndroidStudioProjects\MyGest 2\AndroidManifest.xml:168:17-56
208        </activity>
209        <activity
209-->AndroidStudioProjects\MyGest 2\AndroidManifest.xml:170:9-172:53
210            android:name="com.atecresa.gestionCobros.cloud.CobroCloudActivity"
210-->AndroidStudioProjects\MyGest 2\AndroidManifest.xml:171:13-79
211            android:theme="@style/MygestAppTheme" />
211-->AndroidStudioProjects\MyGest 2\AndroidManifest.xml:172:13-50
212        <activity
212-->AndroidStudioProjects\MyGest 2\AndroidManifest.xml:173:9-175:53
213            android:name="com.atecresa.activities.Visor_Docs"
213-->AndroidStudioProjects\MyGest 2\AndroidManifest.xml:174:13-62
214            android:theme="@style/MygestAppTheme" />
214-->AndroidStudioProjects\MyGest 2\AndroidManifest.xml:175:13-50
215
216        <meta-data
216-->AndroidStudioProjects\MyGest 2\AndroidManifest.xml:177:9-179:57
217            android:name="preloaded_fonts"
217-->AndroidStudioProjects\MyGest 2\AndroidManifest.xml:178:13-43
218            android:resource="@array/preloaded_fonts" />
218-->AndroidStudioProjects\MyGest 2\AndroidManifest.xml:179:13-54
219
220        <receiver
220-->AndroidStudioProjects\MyGest 2\AndroidManifest.xml:181:9-187:20
221            android:name="com.atecresa.preferencias.Share_Manager$DownloadReceiver"
221-->AndroidStudioProjects\MyGest 2\AndroidManifest.xml:182:13-84
222            android:exported="true" >
222-->AndroidStudioProjects\MyGest 2\AndroidManifest.xml:183:13-36
223            <intent-filter>
223-->AndroidStudioProjects\MyGest 2\AndroidManifest.xml:184:13-186:29
224                <action android:name="android.intent.action.DOWNLOAD_COMPLETE" />
224-->AndroidStudioProjects\MyGest 2\AndroidManifest.xml:185:17-82
224-->AndroidStudioProjects\MyGest 2\AndroidManifest.xml:185:25-79
225            </intent-filter>
226        </receiver>
227
228        <service
228-->AndroidStudioProjects\MyGest 2\AndroidManifest.xml:189:9-192:39
229            android:name="com.atecresa.comunicaciones.servicios.CocinaService"
229-->AndroidStudioProjects\MyGest 2\AndroidManifest.xml:190:13-79
230            android:enabled="true"
230-->AndroidStudioProjects\MyGest 2\AndroidManifest.xml:191:13-35
231            android:exported="true" />
231-->AndroidStudioProjects\MyGest 2\AndroidManifest.xml:192:13-36
232        <service android:name="com.atecresa.comunicaciones.servicios.ServicioSocketCnx" />
232-->AndroidStudioProjects\MyGest 2\AndroidManifest.xml:193:9-91
232-->AndroidStudioProjects\MyGest 2\AndroidManifest.xml:193:18-88
233        <service
233-->[androidx.room:room-runtime:2.6.1] AndroidManifest.xml:24:9-28:63
234            android:name="androidx.room.MultiInstanceInvalidationService"
234-->[androidx.room:room-runtime:2.6.1] AndroidManifest.xml:25:13-74
235            android:directBootAware="true"
235-->[androidx.room:room-runtime:2.6.1] AndroidManifest.xml:26:13-43
236            android:exported="false" />
236-->[androidx.room:room-runtime:2.6.1] AndroidManifest.xml:27:13-37
237
238        <provider
238-->[androidx.emoji2:emoji2:1.2.0] AndroidManifest.xml:24:9-32:20
239            android:name="androidx.startup.InitializationProvider"
239-->[androidx.emoji2:emoji2:1.2.0] AndroidManifest.xml:25:13-67
240            android:authorities="com.atecresa.Mygest2.androidx-startup"
240-->[androidx.emoji2:emoji2:1.2.0] AndroidManifest.xml:26:13-68
241            android:exported="false" >
241-->[androidx.emoji2:emoji2:1.2.0] AndroidManifest.xml:27:13-37
242            <meta-data
242-->[androidx.emoji2:emoji2:1.2.0] AndroidManifest.xml:29:13-31:52
243                android:name="androidx.emoji2.text.EmojiCompatInitializer"
243-->[androidx.emoji2:emoji2:1.2.0] AndroidManifest.xml:30:17-75
244                android:value="androidx.startup" />
244-->[androidx.emoji2:emoji2:1.2.0] AndroidManifest.xml:31:17-49
245            <meta-data
245-->[androidx.lifecycle:lifecycle-process:2.7.0] AndroidManifest.xml:29:13-31:52
246                android:name="androidx.lifecycle.ProcessLifecycleInitializer"
246-->[androidx.lifecycle:lifecycle-process:2.7.0] AndroidManifest.xml:30:17-78
247                android:value="androidx.startup" />
247-->[androidx.lifecycle:lifecycle-process:2.7.0] AndroidManifest.xml:31:17-49
248            <meta-data
248-->[androidx.profileinstaller:profileinstaller:1.3.0] AndroidManifest.xml:29:13-31:52
249                android:name="androidx.profileinstaller.ProfileInstallerInitializer"
249-->[androidx.profileinstaller:profileinstaller:1.3.0] AndroidManifest.xml:30:17-85
250                android:value="androidx.startup" />
250-->[androidx.profileinstaller:profileinstaller:1.3.0] AndroidManifest.xml:31:17-49
251        </provider>
252
253        <uses-library
253-->[androidx.window:window:1.0.0] AndroidManifest.xml:25:9-27:40
254            android:name="androidx.window.extensions"
254-->[androidx.window:window:1.0.0] AndroidManifest.xml:26:13-54
255            android:required="false" />
255-->[androidx.window:window:1.0.0] AndroidManifest.xml:27:13-37
256        <uses-library
256-->[androidx.window:window:1.0.0] AndroidManifest.xml:28:9-30:40
257            android:name="androidx.window.sidecar"
257-->[androidx.window:window:1.0.0] AndroidManifest.xml:29:13-51
258            android:required="false" />
258-->[androidx.window:window:1.0.0] AndroidManifest.xml:30:13-37
259
260        <activity
260-->[com.journeyapps:zxing-android-embedded:4.3.0] AndroidManifest.xml:47:9-53:63
261            android:name="com.journeyapps.barcodescanner.CaptureActivity"
261-->[com.journeyapps:zxing-android-embedded:4.3.0] AndroidManifest.xml:48:13-74
262            android:clearTaskOnLaunch="true"
262-->[com.journeyapps:zxing-android-embedded:4.3.0] AndroidManifest.xml:49:13-45
263            android:screenOrientation="sensorLandscape"
263-->[com.journeyapps:zxing-android-embedded:4.3.0] AndroidManifest.xml:50:13-56
264            android:stateNotNeeded="true"
264-->[com.journeyapps:zxing-android-embedded:4.3.0] AndroidManifest.xml:51:13-42
265            android:theme="@style/zxing_CaptureTheme"
265-->[com.journeyapps:zxing-android-embedded:4.3.0] AndroidManifest.xml:52:13-54
266            android:windowSoftInputMode="stateAlwaysHidden" /> <!-- The activities will be merged into the manifest of the hosting app. -->
266-->[com.journeyapps:zxing-android-embedded:4.3.0] AndroidManifest.xml:53:13-60
267        <activity
267-->[com.google.android.play:core:1.10.3] AndroidManifest.xml:18:9-24:45
268            android:name="com.google.android.play.core.missingsplits.PlayCoreMissingSplitsActivity"
268-->[com.google.android.play:core:1.10.3] AndroidManifest.xml:19:13-100
269            android:enabled="false"
269-->[com.google.android.play:core:1.10.3] AndroidManifest.xml:20:13-36
270            android:exported="false"
270-->[com.google.android.play:core:1.10.3] AndroidManifest.xml:21:13-37
271            android:launchMode="singleInstance"
271-->[com.google.android.play:core:1.10.3] AndroidManifest.xml:22:13-48
272            android:process=":playcore_missing_splits_activity"
272-->[com.google.android.play:core:1.10.3] AndroidManifest.xml:23:13-64
273            android:stateNotNeeded="true" />
273-->[com.google.android.play:core:1.10.3] AndroidManifest.xml:24:13-42
274        <activity
274-->[com.google.android.play:core:1.10.3] AndroidManifest.xml:25:9-29:65
275            android:name="com.google.android.play.core.common.PlayCoreDialogWrapperActivity"
275-->[com.google.android.play:core:1.10.3] AndroidManifest.xml:26:13-93
276            android:exported="false"
276-->[com.google.android.play:core:1.10.3] AndroidManifest.xml:27:13-37
277            android:stateNotNeeded="true"